<?xml version="1.0" encoding="UTF-8"?>
<!-- Generated by org.testng.reporters.JUnitXMLReporter -->
<testsuite hostname="DELL-PC" name="Default test" tests="10" failures="0" timestamp="21 Aug 2018 09:37:24 GMT" time="0.198" errors="0">
  <testcase name="@BeforeMethod setUp" time="0.0" classname="com.index.GeneralIndex">
    <failure type="java.net.MalformedURLException" message="For input string: &amp;quot;null&amp;quot;">
      <![CDATA[java.net.MalformedURLException: For input string: "null"
	at java.net.URL.<init>(URL.java:620)
	at java.net.URL.<init>(URL.java:483)
	at java.net.URL.<init>(URL.java:432)
	at com.init.SeleniumInit.setUp(SeleniumInit.java:95)
	at sun.reflect.NativeMethodAccessorImpl.invoke0(Native Method)
	at sun.reflect.NativeMethodAccessorImpl.invoke(NativeMethodAccessorImpl.java:57)
	at sun.reflect.DelegatingMethodAccessorImpl.invoke(DelegatingMethodAccessorImpl.java:43)
	at java.lang.reflect.Method.invoke(Method.java:483)
	at org.testng.internal.MethodInvocationHelper.invokeMethod(MethodInvocationHelper.java:84)
	at org.testng.internal.Invoker.invokeConfigurationMethod(Invoker.java:564)
	at org.testng.internal.Invoker.invokeConfigurations(Invoker.java:213)
	at org.testng.internal.Invoker.invokeMethod(Invoker.java:653)
	at org.testng.internal.Invoker.invokeTestMethod(Invoker.java:901)
	at org.testng.internal.Invoker.invokeTestMethods(Invoker.java:1231)
	at org.testng.internal.TestMethodWorker.invokeTestMethods(TestMethodWorker.java:127)
	at org.testng.internal.TestMethodWorker.run(TestMethodWorker.java:111)
	at org.testng.TestRunner.privateRun(TestRunner.java:767)
	at org.testng.TestRunner.run(TestRunner.java:617)
	at org.testng.SuiteRunner.runTest(SuiteRunner.java:348)
	at org.testng.SuiteRunner.runSequentially(SuiteRunner.java:343)
	at org.testng.SuiteRunner.privateRun(SuiteRunner.java:305)
	at org.testng.SuiteRunner.run(SuiteRunner.java:254)
	at org.testng.SuiteRunnerWorker.runSuite(SuiteRunnerWorker.java:52)
	at org.testng.SuiteRunnerWorker.run(SuiteRunnerWorker.java:86)
	at org.testng.TestNG.runSuitesSequentially(TestNG.java:1224)
	at org.testng.TestNG.runSuitesLocally(TestNG.java:1149)
	at org.testng.TestNG.run(TestNG.java:1057)
	at org.testng.remote.AbstractRemoteTestNG.run(AbstractRemoteTestNG.java:114)
	at org.testng.remote.RemoteTestNG.initAndRun(RemoteTestNG.java:251)
	at org.testng.remote.RemoteTestNG.main(RemoteTestNG.java:77)
Caused by: java.lang.NumberFormatException: For input string: "null"
	at java.lang.NumberFormatException.forInputString(NumberFormatException.java:65)
	at java.lang.Integer.parseInt(Integer.java:580)
	at java.lang.Integer.parseInt(Integer.java:615)
	at java.net.URLStreamHandler.parseURL(URLStreamHandler.java:216)
	at java.net.URL.<init>(URL.java:615)
	... 29 more
]]>
    </failure>
  </testcase> <!-- @BeforeMethod setUp -->
  <testcase name="@BeforeMethod setUp" time="0.0" classname="com.index.GeneralIndex">
    <skipped/>
  </testcase> <!-- @BeforeMethod setUp -->
  <testcase name="@BeforeMethod setUp" time="0.0" classname="com.index.GeneralIndex">
    <skipped/>
  </testcase> <!-- @BeforeMethod setUp -->
  <testcase name="@BeforeMethod setUp" time="0.0" classname="com.index.GeneralIndex">
    <skipped/>
  </testcase> <!-- @BeforeMethod setUp -->
  <testcase name="@BeforeMethod setUp" time="0.0" classname="com.index.GeneralIndex">
    <skipped/>
  </testcase> <!-- @BeforeMethod setUp -->
  <testcase name="@BeforeMethod setUp" time="0.0" classname="com.index.GeneralIndex">
    <skipped/>
  </testcase> <!-- @BeforeMethod setUp -->
  <testcase name="@BeforeMethod setUp" time="0.0" classname="com.index.GeneralIndex">
    <skipped/>
  </testcase> <!-- @BeforeMethod setUp -->
  <testcase name="@BeforeMethod setUp" time="0.0" classname="com.index.GeneralIndex">
    <skipped/>
  </testcase> <!-- @BeforeMethod setUp -->
  <testcase name="@BeforeMethod setUp" time="0.0" classname="com.index.GeneralIndex">
    <skipped/>
  </testcase> <!-- @BeforeMethod setUp -->
  <testcase name="@BeforeMethod setUp" time="0.0" classname="com.index.GeneralIndex">
    <skipped/>
  </testcase> <!-- @BeforeMethod setUp -->
  <testcase name="addproducttocartandcheckout" time="0.003" classname="com.index.GeneralIndex">
    <skipped/>
  </testcase> <!-- addproducttocartandcheckout -->
  <testcase name="allvaliddata" time="0.004" classname="com.index.GeneralIndex">
    <skipped/>
  </testcase> <!-- allvaliddata -->
  <testcase name="blankfields" time="0.004" classname="com.index.GeneralIndex">
    <skipped/>
  </testcase> <!-- blankfields -->
  <testcase name="emailidalreadyexist" time="0.006" classname="com.index.GeneralIndex">
    <skipped/>
  </testcase> <!-- emailidalreadyexist -->
  <testcase name="invalidemailid" time="0.008" classname="com.index.GeneralIndex">
    <skipped/>
  </testcase> <!-- invalidemailid -->
  <testcase name="password_minimum_length" time="0.004" classname="com.index.GeneralIndex">
    <skipped/>
  </testcase> <!-- password_minimum_length -->
  <testcase name="passwordnotmatch" time="0.003" classname="com.index.GeneralIndex">
    <skipped/>
  </testcase> <!-- passwordnotmatch -->
  <testcase name="phonefield_minimum_length" time="0.003" classname="com.index.GeneralIndex">
    <skipped/>
  </testcase> <!-- phonefield_minimum_length -->
  <testcase name="purchaseorcheckout" time="0.003" classname="com.index.GeneralIndex">
    <skipped/>
  </testcase> <!-- purchaseorcheckout -->
  <testcase name="usernamealreadyexist" time="0.002" classname="com.index.GeneralIndex">
    <skipped/>
  </testcase> <!-- usernamealreadyexist -->
</testsuite> <!-- Default test -->
