-------------------------------------------------------------------------------
Test set: TestSuite
-------------------------------------------------------------------------------
Tests run: 1, Failures: 1, Errors: 0, Skipped: 0, Time elapsed: 286.104 sec <<< FAILURE! - in TestSuite
addproducttocartandcheckout(com.index.GeneralIndex)  Time elapsed: 195.865 sec  <<< FAILURE!
java.lang.AssertionError: expected [true] but found [false]
	at com.index.GeneralIndex.addproducttocartandcheckout(GeneralIndex.java:780)

