<?xml version="1.0" encoding="UTF-8"?>
<testsuite xmlns:xsi="http://www.w3.org/2001/XMLSchema-instance" xsi:schemaLocation="https://maven.apache.org/surefire/maven-surefire-plugin/xsd/surefire-test-report.xsd" name="TestSuite" time="286.104" tests="1" errors="0" skipped="0" failures="1">
  <properties>
[...]
</properties>
  <testcase name="addproducttocartandcheckout" classname="com.index.GeneralIndex" time="195.865">
    <failure message="expected [true] but found [false]" type="java.lang.AssertionError">java.lang.AssertionError: expected [true] but found [false]
	at com.index.GeneralIndex.addproducttocartandcheckout(GeneralIndex.java:780)
</failure>
    <system-out><![CDATA[[TestNG] [WARN] Could not find reporte class : listenReport.Reporter
...
... TestNG 6.8.9beta by Cédric Beust (cedric@beust.com)
...

======Abstract Page======
======Abstract Page======
TestData URL ::  https://www.threadsandshirts.com/
Current Window Handle ID : --->>CDwindow-2B8E89F15E092B3EE3065F1769AF022B
Current Xml Suite is:---->Demo Frame Work- Test Suite 1
To verify that user is able to add the product into the cart and do checkout with all valid fields 
--------------------------------------------------------------------------
Step 1. open : https://www.threadsandshirts.com/
--> home page is opened <--
Step 2. Mouse hover over shop menu
--> mouse hover on shop menu <--
======Abstract Page======
Step 3. Click on accessories
--> click on accessories link <--
======Abstract Page======
Step 4. Click on Product
--> Click on the product <--
======Abstract Page======
Step 5. Click on Add to cart button
--> Click on Add To Cart button <--
======Abstract Page======
Step 6. Click on continues shopping button
--> click on : Continue shopping <--
======Abstract Page======
Step 7. Click on Add to cart button Again
--> Click on Add To Cart button <--
======Abstract Page======
Step 8. Click on CheckOut button
--> click on : Checkout <--
======Abstract Page======
Step 9. Enter Promotion Code
--> Enter Promotion Code : BESTDAD15 <--
======Abstract Page======
Step 10. Click on Apply button
--> Click on Apply Button <--
======Abstract Page======
Step 11. Close the warning message
--> Warning Message closed <--
======Abstract Page======
Step 12. Click on checkout as guest
--> Click on checkout as guest user <--
======Abstract Page======
Step 13. Click on checkoutasguest button
--> Click on checkout as guest user button <--
======Abstract Page======
Step 14. Enter First Name
Call getURL.......
full path F:\eclipse-workspace\ProjectVipul\projectvp\resources\Workbook.xlsx con F:\eclipse-workspace\ProjectVipul\projectvp\resources\Workbook.xlsx
Call getURL.......
full path F:\eclipse-workspace\ProjectVipul\projectvp\resources\Workbook.xlsx con F:\eclipse-workspace\ProjectVipul\projectvp\resources\Workbook.xlsx
--> Enter First Name : xzyabc <--
======Abstract Page======
Step 15. Enter Last Name
Call getURL.......
full path F:\eclipse-workspace\ProjectVipul\projectvp\resources\Workbook.xlsx con F:\eclipse-workspace\ProjectVipul\projectvp\resources\Workbook.xlsx
Call getURL.......
full path F:\eclipse-workspace\ProjectVipul\projectvp\resources\Workbook.xlsx con F:\eclipse-workspace\ProjectVipul\projectvp\resources\Workbook.xlsx
--> Enter Last Name : pqr <--
======Abstract Page======
Step 16. Enter Email Address
Call getURL.......
full path F:\eclipse-workspace\ProjectVipul\projectvp\resources\Workbook.xlsx con F:\eclipse-workspace\ProjectVipul\projectvp\resources\Workbook.xlsx
Call getURL.......
full path F:\eclipse-workspace\ProjectVipul\projectvp\resources\Workbook.xlsx con F:\eclipse-workspace\ProjectVipul\projectvp\resources\Workbook.xlsx
--> Enter Email Address :pqr@gmail.com <--
======Abstract Page======
Step 17. Enter Phone Number
Call getURL.......
full path F:\eclipse-workspace\ProjectVipul\projectvp\resources\Workbook.xlsx con F:\eclipse-workspace\ProjectVipul\projectvp\resources\Workbook.xlsx
full path F:\eclipse-workspace\ProjectVipul\projectvp\resources\Workbook.xlsx con F:\eclipse-workspace\ProjectVipul\projectvp\resources\Workbook.xlsx
Call getURL.......
full path F:\eclipse-workspace\ProjectVipul\projectvp\resources\Workbook.xlsx con F:\eclipse-workspace\ProjectVipul\projectvp\resources\Workbook.xlsx
full path F:\eclipse-workspace\ProjectVipul\projectvp\resources\Workbook.xlsx con F:\eclipse-workspace\ProjectVipul\projectvp\resources\Workbook.xlsx
--> Enter Phone Number :1234567890 <---
======Abstract Page======
Step 18. Enter Address
Call getURL.......
full path F:\eclipse-workspace\ProjectVipul\projectvp\resources\Workbook.xlsx con F:\eclipse-workspace\ProjectVipul\projectvp\resources\Workbook.xlsx
Call getURL.......
full path F:\eclipse-workspace\ProjectVipul\projectvp\resources\Workbook.xlsx con F:\eclipse-workspace\ProjectVipul\projectvp\resources\Workbook.xlsx
--> Enter Address :10, ABC Street , India <---
======Abstract Page======
Step 19. Enter City
Call getURL.......
full path F:\eclipse-workspace\ProjectVipul\projectvp\resources\Workbook.xlsx con F:\eclipse-workspace\ProjectVipul\projectvp\resources\Workbook.xlsx
Call getURL.......
full path F:\eclipse-workspace\ProjectVipul\projectvp\resources\Workbook.xlsx con F:\eclipse-workspace\ProjectVipul\projectvp\resources\Workbook.xlsx
--> Enter City :mumbai <---
======Abstract Page======
Step 20. Select the Country
Call getURL.......
full path F:\eclipse-workspace\ProjectVipul\projectvp\resources\Workbook.xlsx con F:\eclipse-workspace\ProjectVipul\projectvp\resources\Workbook.xlsx
Call getURL.......
full path F:\eclipse-workspace\ProjectVipul\projectvp\resources\Workbook.xlsx con F:\eclipse-workspace\ProjectVipul\projectvp\resources\Workbook.xlsx
--> Select Country :India <---
======Abstract Page======
Step 21. Enter State
Call getURL.......
full path F:\eclipse-workspace\ProjectVipul\projectvp\resources\Workbook.xlsx con F:\eclipse-workspace\ProjectVipul\projectvp\resources\Workbook.xlsx
Call getURL.......
full path F:\eclipse-workspace\ProjectVipul\projectvp\resources\Workbook.xlsx con F:\eclipse-workspace\ProjectVipul\projectvp\resources\Workbook.xlsx
--> Enter State :Maharastra <---
======Abstract Page======
Step 22. Enter Postal Code
Call getURL.......
full path F:\eclipse-workspace\ProjectVipul\projectvp\resources\Workbook.xlsx con F:\eclipse-workspace\ProjectVipul\projectvp\resources\Workbook.xlsx
full path F:\eclipse-workspace\ProjectVipul\projectvp\resources\Workbook.xlsx con F:\eclipse-workspace\ProjectVipul\projectvp\resources\Workbook.xlsx
Call getURL.......
full path F:\eclipse-workspace\ProjectVipul\projectvp\resources\Workbook.xlsx con F:\eclipse-workspace\ProjectVipul\projectvp\resources\Workbook.xlsx
full path F:\eclipse-workspace\ProjectVipul\projectvp\resources\Workbook.xlsx con F:\eclipse-workspace\ProjectVipul\projectvp\resources\Workbook.xlsx
--> Enter Postal Code :256298 <---
======Abstract Page======
Step 23. Shipping Address is same as Billing Address
--> Shipping address is same as billing address <---
======Abstract Page======
Step 24. Click on continue Button
--> Click on Continue Button <---
======Abstract Page======
Step 25. Click on continue Button of Shipping Options
--> Click on Continue Button <---
======Abstract Page======
Step 26. Click on Cash On Delivery Options
--> Click on Cash On Delivery Option <---
======Abstract Page======
Step 27. Click on Submit My Order Button
--> Click on Submit My Order button <---
======Abstract Page======
Congratulations! Your order has been successfully placed. Order details.
Order is NOT placed successfully
Fail
<br><Strong><font color=#FF0000>Fail</font></strong></br>
]]></system-out>
    <system-err><![CDATA[Aug 22, 2018 5:08:11 PM org.openqa.selenium.remote.DesiredCapabilities chrome
INFO: Using `new ChromeOptions()` is preferred to `DesiredCapabilities.chrome()`
Starting ChromeDriver 2.40.565498 (ea082db3280dd6843ebfb08a625e3eb905c4f5ab) on port 35077
Only local connections are allowed.
Aug 22, 2018 5:08:14 PM org.openqa.selenium.remote.ProtocolHandshake createSession
INFO: Detected dialect: OSS
]]></system-err>
  </testcase>
</testsuite>