<?xml version="1.0" encoding="UTF-8"?>
<testng-results skipped="0" failed="0" total="1" passed="1">
  <reporter-output>
    <line>
      <![CDATA[<strong> <h3 style="color:DarkViolet"> To verify that user is able to add the product into the cart and do checkout with all valid fields </h3> </strong>]]>
    </line>
    <line>
      <![CDATA[<strong> <h3 style="color:DarkViolet"> --------------------------------------------------------------------------</h3> </strong>]]>
    </line>
    <line>
      <![CDATA[<br><strong>Step 1. open : https://www.threadsandshirts.com/</strong></br>]]>
    </line>
    <line>
      <![CDATA[</br>--> home page is opened <--]]>
    </line>
    <line>
      <![CDATA[<br><strong>Step 2. Mouse hover over shop menu</strong></br>]]>
    </line>
    <line>
      <![CDATA[</br>--> mouse hover on shop menu <--]]>
    </line>
    <line>
      <![CDATA[<br><strong>Step 3. Click on accessories</strong></br>]]>
    </line>
    <line>
      <![CDATA[</br>--> click on accessories link <--]]>
    </line>
    <line>
      <![CDATA[<br><strong>Step 4. Click on Product</strong></br>]]>
    </line>
    <line>
      <![CDATA[</br>--> Click on the product <--]]>
    </line>
    <line>
      <![CDATA[<br><strong>Step 5. Click on Add to cart button</strong></br>]]>
    </line>
    <line>
      <![CDATA[</br>--> Click on Add To Cart button <--]]>
    </line>
    <line>
      <![CDATA[<br><strong>Step 6. Click on continues shopping button</strong></br>]]>
    </line>
    <line>
      <![CDATA[</br>--> click on : Continue shopping <--]]>
    </line>
    <line>
      <![CDATA[<br><strong>Step 7. Click on Add to cart button Again</strong></br>]]>
    </line>
    <line>
      <![CDATA[</br>--> Click on Add To Cart button <--]]>
    </line>
    <line>
      <![CDATA[<br><strong>Step 8. Click on CheckOut button</strong></br>]]>
    </line>
    <line>
      <![CDATA[</br>--> click on : Checkout <--]]>
    </line>
    <line>
      <![CDATA[<br><strong>Step 9. Enter Promotion Code</strong></br>]]>
    </line>
    <line>
      <![CDATA[</br>--> Enter Promotion Code : BESTDAD15 <--]]>
    </line>
    <line>
      <![CDATA[<br><strong>Step 10. Click on Apply button</strong></br>]]>
    </line>
    <line>
      <![CDATA[</br>--> Click on Apply Button <--]]>
    </line>
    <line>
      <![CDATA[<br><strong>Step 11. Close the warning message</strong></br>]]>
    </line>
    <line>
      <![CDATA[</br>--> Warning Message closed <--]]>
    </line>
    <line>
      <![CDATA[<br><strong>Step 12. Click on checkout as guest</strong></br>]]>
    </line>
    <line>
      <![CDATA[</br>--> Click on checkout as guest user <--]]>
    </line>
    <line>
      <![CDATA[<br><strong>Step 13. Click on checkoutasguest button</strong></br>]]>
    </line>
    <line>
      <![CDATA[</br>--> Click on checkout as guest user button <--]]>
    </line>
    <line>
      <![CDATA[<br><strong>Step 14. Enter First Name</strong></br>]]>
    </line>
    <line>
      <![CDATA[</br>--> Enter Name :  <--]]>
    </line>
    <line>
      <![CDATA[<br><strong>Step 15. Enter Last Name</strong></br>]]>
    </line>
    <line>
      <![CDATA[</br>--> Enter Name :  <--]]>
    </line>
  </reporter-output>
  <suite name="Demo Frame Work- Test Suite 1" duration-ms="235725" started-at="2018-08-22T05:02:48Z" finished-at="2018-08-22T05:06:43Z">
    <groups>
    </groups>
    <test name="Test Script :: 01" duration-ms="235725" started-at="2018-08-22T05:02:48Z" finished-at="2018-08-22T05:06:43Z">
      <class name="com.index.GeneralIndex">
        <test-method status="PASS" signature="fetchSuiteConfiguration(org.testng.ITestContext)[pri:0, instance:com.index.GeneralIndex@737996a0]" name="fetchSuiteConfiguration" is-config="true" duration-ms="9" started-at="2018-08-22T10:32:48Z" finished-at="2018-08-22T10:32:48Z">
          <params>
            <param index="0">
              <value>
                <![CDATA[org.testng.TestRunner@4439f31e]]>
              </value>
            </param>
          </params>
          <reporter-output>
          </reporter-output>
        </test-method> <!-- fetchSuiteConfiguration -->
        <test-method status="PASS" signature="setUp(java.lang.reflect.Method, org.testng.ITestContext)[pri:0, instance:com.index.GeneralIndex@737996a0]" name="setUp" is-config="true" duration-ms="87094" started-at="2018-08-22T10:32:48Z" finished-at="2018-08-22T10:34:15Z">
          <params>
            <param index="0">
              <value>
                <![CDATA[public void com.index.GeneralIndex.addproducttocartandcheckout()]]>
              </value>
            </param>
            <param index="1">
              <value>
                <![CDATA[org.testng.TestRunner@4439f31e]]>
              </value>
            </param>
          </params>
          <reporter-output>
          </reporter-output>
        </test-method> <!-- setUp -->
        <test-method status="PASS" signature="addproducttocartandcheckout()[pri:0, instance:com.index.GeneralIndex@737996a0]" name="addproducttocartandcheckout" duration-ms="135761" started-at="2018-08-22T10:34:15Z" finished-at="2018-08-22T10:36:31Z">
          <reporter-output>
            <line>
              <![CDATA[<strong> <h3 style="color:DarkViolet"> To verify that user is able to add the product into the cart and do checkout with all valid fields </h3> </strong>]]>
            </line>
            <line>
              <![CDATA[<strong> <h3 style="color:DarkViolet"> --------------------------------------------------------------------------</h3> </strong>]]>
            </line>
            <line>
              <![CDATA[<br><strong>Step 1. open : https://www.threadsandshirts.com/</strong></br>]]>
            </line>
            <line>
              <![CDATA[</br>--> home page is opened <--]]>
            </line>
            <line>
              <![CDATA[<br><strong>Step 2. Mouse hover over shop menu</strong></br>]]>
            </line>
            <line>
              <![CDATA[</br>--> mouse hover on shop menu <--]]>
            </line>
            <line>
              <![CDATA[<br><strong>Step 3. Click on accessories</strong></br>]]>
            </line>
            <line>
              <![CDATA[</br>--> click on accessories link <--]]>
            </line>
            <line>
              <![CDATA[<br><strong>Step 4. Click on Product</strong></br>]]>
            </line>
            <line>
              <![CDATA[</br>--> Click on the product <--]]>
            </line>
            <line>
              <![CDATA[<br><strong>Step 5. Click on Add to cart button</strong></br>]]>
            </line>
            <line>
              <![CDATA[</br>--> Click on Add To Cart button <--]]>
            </line>
            <line>
              <![CDATA[<br><strong>Step 6. Click on continues shopping button</strong></br>]]>
            </line>
            <line>
              <![CDATA[</br>--> click on : Continue shopping <--]]>
            </line>
            <line>
              <![CDATA[<br><strong>Step 7. Click on Add to cart button Again</strong></br>]]>
            </line>
            <line>
              <![CDATA[</br>--> Click on Add To Cart button <--]]>
            </line>
            <line>
              <![CDATA[<br><strong>Step 8. Click on CheckOut button</strong></br>]]>
            </line>
            <line>
              <![CDATA[</br>--> click on : Checkout <--]]>
            </line>
            <line>
              <![CDATA[<br><strong>Step 9. Enter Promotion Code</strong></br>]]>
            </line>
            <line>
              <![CDATA[</br>--> Enter Promotion Code : BESTDAD15 <--]]>
            </line>
            <line>
              <![CDATA[<br><strong>Step 10. Click on Apply button</strong></br>]]>
            </line>
            <line>
              <![CDATA[</br>--> Click on Apply Button <--]]>
            </line>
            <line>
              <![CDATA[<br><strong>Step 11. Close the warning message</strong></br>]]>
            </line>
            <line>
              <![CDATA[</br>--> Warning Message closed <--]]>
            </line>
            <line>
              <![CDATA[<br><strong>Step 12. Click on checkout as guest</strong></br>]]>
            </line>
            <line>
              <![CDATA[</br>--> Click on checkout as guest user <--]]>
            </line>
            <line>
              <![CDATA[<br><strong>Step 13. Click on checkoutasguest button</strong></br>]]>
            </line>
            <line>
              <![CDATA[</br>--> Click on checkout as guest user button <--]]>
            </line>
            <line>
              <![CDATA[<br><strong>Step 14. Enter First Name</strong></br>]]>
            </line>
            <line>
              <![CDATA[</br>--> Enter Name :  <--]]>
            </line>
            <line>
              <![CDATA[<br><strong>Step 15. Enter Last Name</strong></br>]]>
            </line>
            <line>
              <![CDATA[</br>--> Enter Name :  <--]]>
            </line>
          </reporter-output>
        </test-method> <!-- addproducttocartandcheckout -->
        <test-method status="PASS" signature="tearDown(org.testng.ITestResult)[pri:0, instance:com.index.GeneralIndex@737996a0]" name="tearDown" is-config="true" duration-ms="12853" started-at="2018-08-22T10:36:31Z" finished-at="2018-08-22T10:36:43Z">
          <params>
            <param index="0">
              <value>
                <![CDATA[[TestResult name=addproducttocartandcheckout status=SUCCESS method=GeneralIndex.addproducttocartandcheckout()[pri:0, instance:com.index.GeneralIndex@737996a0] output=<strong> <h3 style="color:DarkViolet"> To verify that user is able to add the product into the cart and do checkout with all valid fields </h3> </strong>]]]>
              </value>
            </param>
          </params>
          <reporter-output>
          </reporter-output>
        </test-method> <!-- tearDown -->
      </class> <!-- com.index.GeneralIndex -->
    </test> <!-- Test Script :: 01 -->
  </suite> <!-- Demo Frame Work- Test Suite 1 -->
</testng-results>
